<?xml version="1.0" encoding="UTF-8"?>
<!-- Generated by org.testng.reporters.JUnitReportReporter -->
<testsuite skipped="1" hostname="INMAAWN5384001" name="com.testcases.FacilityViewTests" tests="2" failures="0" timestamp="01 Jul 2019 09:08:46 GMT" time="38.243" errors="0">
  <testcase name="validateEnteringShipmentID" time="38.243" classname="com.testcases.FacilityViewTests"/>
  <testcase name="checkWhetherGlobalViewIsSelectedByDefault" classname="com.testcases.FacilityViewTests">
    <skipped/>
  </testcase> <!-- checkWhetherGlobalViewIsSelectedByDefault -->
</testsuite> <!-- com.testcases.FacilityViewTests -->
