<?xml version="1.0" encoding="UTF-8"?>
<!-- Generated by org.testng.reporters.JUnitReportReporter -->
<testsuite skipped="3" hostname="INMAAWN53000190" name="com.testcases.FacilityViewTests" tests="5" failures="0" timestamp="17 Aug 2019 08:33:50 GMT" time="22.952" errors="0">
  <testcase name="test1" time="12.496" classname="com.testcases.FacilityViewTests"/>
  <testcase name="test1" time="10.456" classname="com.testcases.FacilityViewTests"/>
  <testcase name="test2" classname="com.testcases.FacilityViewTests">
    <skipped/>
  </testcase> <!-- test2 -->
  <testcase name="checkWhetherGlobalViewIsSelectedByDefault" classname="com.testcases.FacilityViewTests">
    <skipped/>
  </testcase> <!-- checkWhetherGlobalViewIsSelectedByDefault -->
  <testcase name="validateEnteringShipmentID" classname="com.testcases.FacilityViewTests">
    <skipped/>
  </testcase> <!-- validateEnteringShipmentID -->
</testsuite> <!-- com.testcases.FacilityViewTests -->
