<?xml version="1.0" encoding="UTF-8"?>
<!-- Generated by org.testng.reporters.JUnitReportReporter -->
<testsuite skipped="2" hostname="INMAAWN53000190" name="com.testcases.FacilityViewTests" tests="5" failures="0" timestamp="01 Nov 2019 02:17:12 GMT" time="46.056" errors="0">
  <testcase name="test2" time="15.585" classname="com.testcases.FacilityViewTests"/>
  <testcase name="test1" time="12.920" classname="com.testcases.FacilityViewTests"/>
  <testcase name="test1" time="17.551" classname="com.testcases.FacilityViewTests"/>
  <testcase name="checkWhetherGlobalViewIsSelectedByDefault" classname="com.testcases.FacilityViewTests">
    <skipped/>
  </testcase> <!-- checkWhetherGlobalViewIsSelectedByDefault -->
  <testcase name="validateEnteringShipmentID" classname="com.testcases.FacilityViewTests">
    <skipped/>
  </testcase> <!-- validateEnteringShipmentID -->
</testsuite> <!-- com.testcases.FacilityViewTests -->
