<?xml version="1.0" encoding="UTF-8"?>
<!-- Generated by org.testng.reporters.JUnitReportReporter -->
<testsuite skipped="2" hostname="INMAAWN53000190" name="com.testcases.FacilityViewTests" tests="5" failures="0" timestamp="02 Nov 2019 16:02:21 GMT" time="45.404" errors="0">
  <testcase name="test2" time="12.804" classname="com.testcases.FacilityViewTests"/>
  <testcase name="test1" time="16.873" classname="com.testcases.FacilityViewTests"/>
  <testcase name="test1" time="15.727" classname="com.testcases.FacilityViewTests"/>
  <testcase name="checkWhetherGlobalViewIsSelectedByDefault" classname="com.testcases.FacilityViewTests">
    <skipped/>
  </testcase> <!-- checkWhetherGlobalViewIsSelectedByDefault -->
  <testcase name="validateEnteringShipmentID" classname="com.testcases.FacilityViewTests">
    <skipped/>
  </testcase> <!-- validateEnteringShipmentID -->
</testsuite> <!-- com.testcases.FacilityViewTests -->
