<?xml version="1.0" encoding="UTF-8"?>
<!-- Generated by org.testng.reporters.JUnitReportReporter -->
<testsuite skipped="2" hostname="INMAAWN53000190" name="com.testcases.FacilityViewTests" tests="5" failures="0" timestamp="01 Nov 2019 01:47:56 GMT" time="35.777" errors="0">
  <testcase name="test1" time="7.844" classname="com.testcases.FacilityViewTests"/>
  <testcase name="test2" time="13.171" classname="com.testcases.FacilityViewTests"/>
  <testcase name="test1" time="14.762" classname="com.testcases.FacilityViewTests"/>
  <testcase name="checkWhetherGlobalViewIsSelectedByDefault" classname="com.testcases.FacilityViewTests">
    <skipped/>
  </testcase> <!-- checkWhetherGlobalViewIsSelectedByDefault -->
  <testcase name="validateEnteringShipmentID" classname="com.testcases.FacilityViewTests">
    <skipped/>
  </testcase> <!-- validateEnteringShipmentID -->
</testsuite> <!-- com.testcases.FacilityViewTests -->
