<?xml version="1.0" encoding="UTF-8"?>
<!-- Generated by org.testng.reporters.JUnitReportReporter -->
<testsuite skipped="3" hostname="INMAAWN5384001" name="com.testcases.FacilityViewTests" tests="5" failures="0" timestamp="14 Aug 2019 04:56:13 GMT" time="9.535" errors="1">
  <testcase name="afterSuite" time="8.873" classname="com.testcases.FacilityViewTests">
    <error type="org.apache.commons.mail.EmailException" message="javax.mail.internet.AddressException: Illegal address in string ``&#039;&#039;">
      <![CDATA[org.apache.commons.mail.EmailException: javax.mail.internet.AddressException: Illegal address in string ``''
at org.apache.commons.mail.Email.createInternetAddress(Email.java:1974)
at org.apache.commons.mail.Email.addCc(Email.java:955)
at org.apache.commons.mail.Email.addCc(Email.java:938)
at org.apache.commons.mail.Email.addCc(Email.java:915)
at com.utils.TestUtils.sendEmailWithResults(TestUtils.java:279)
at com.testcases.FacilityViewTests.afterSuite(FacilityViewTests.java:43)
at sun.reflect.NativeMethodAccessorImpl.invoke0(Native Method)
at sun.reflect.NativeMethodAccessorImpl.invoke(NativeMethodAccessorImpl.java:62)
at sun.reflect.DelegatingMethodAccessorImpl.invoke(DelegatingMethodAccessorImpl.java:43)
at java.lang.reflect.Method.invoke(Method.java:498)
at org.testng.internal.MethodInvocationHelper.invokeMethod(MethodInvocationHelper.java:124)
at org.testng.internal.MethodInvocationHelper.invokeMethodConsideringTimeout(MethodInvocationHelper.java:59)
at org.testng.internal.Invoker.invokeConfigurationMethod(Invoker.java:458)
at org.testng.internal.Invoker.invokeConfigurations(Invoker.java:222)
at org.testng.internal.Invoker.invokeConfigurations(Invoker.java:142)
at org.testng.SuiteRunner.privateRun(SuiteRunner.java:425)
at org.testng.SuiteRunner.run(SuiteRunner.java:364)
at org.testng.SuiteRunnerWorker.runSuite(SuiteRunnerWorker.java:52)
at org.testng.SuiteRunnerWorker.run(SuiteRunnerWorker.java:84)
at org.testng.TestNG.runSuitesSequentially(TestNG.java:1208)
at org.testng.TestNG.runSuitesLocally(TestNG.java:1137)
at org.testng.TestNG.runSuites(TestNG.java:1049)
at org.testng.TestNG.run(TestNG.java:1017)
at org.testng.remote.AbstractRemoteTestNG.run(AbstractRemoteTestNG.java:115)
at org.testng.remote.RemoteTestNG.initAndRun(RemoteTestNG.java:251)
at org.testng.remote.RemoteTestNG.main(RemoteTestNG.java:77)
Caused by: javax.mail.internet.AddressException: Illegal address in string ``''
at javax.mail.internet.InternetAddress.<init>(InternetAddress.java:118)
at org.apache.commons.mail.Email.createInternetAddress(Email.java:1949)
... 25 more
]]>
    </error>
  </testcase> <!-- afterSuite -->
  <testcase name="test1" time="0.662" classname="com.testcases.FacilityViewTests"/>
  <testcase name="test2" classname="com.testcases.FacilityViewTests">
    <skipped/>
  </testcase> <!-- test2 -->
  <testcase name="checkWhetherGlobalViewIsSelectedByDefault" classname="com.testcases.FacilityViewTests">
    <skipped/>
  </testcase> <!-- checkWhetherGlobalViewIsSelectedByDefault -->
  <testcase name="validateEnteringShipmentID" classname="com.testcases.FacilityViewTests">
    <skipped/>
  </testcase> <!-- validateEnteringShipmentID -->
</testsuite> <!-- com.testcases.FacilityViewTests -->
