<?xml version="1.0" encoding="UTF-8"?>
<!-- Generated by org.testng.reporters.JUnitReportReporter -->
<testsuite skipped="0" hostname="INMAAWN53000190" name="com.testcases.FacilityViewTests" tests="3" failures="0" timestamp="03 Nov 2019 17:08:01 GMT" time="187.676" errors="0">
  <testcase name="test1" time="56.155" classname="com.testcases.FacilityViewTests"/>
  <testcase name="test2" time="71.329" classname="com.testcases.FacilityViewTests"/>
  <testcase name="test1" time="60.192" classname="com.testcases.FacilityViewTests"/>
</testsuite> <!-- com.testcases.FacilityViewTests -->
