<?xml version="1.0" encoding="UTF-8"?>
<!-- Generated by org.testng.reporters.JUnitReportReporter -->
<testsuite skipped="3" hostname="INMAAWN5384001" name="com.testcases.FacilityViewTests" tests="4" failures="0" timestamp="23 Jul 2019 11:09:16 GMT" time="8.721" errors="0">
  <testcase name="test1" time="8.721" classname="com.testcases.FacilityViewTests"/>
  <testcase name="test2" classname="com.testcases.FacilityViewTests">
    <skipped/>
  </testcase> <!-- test2 -->
  <testcase name="checkWhetherGlobalViewIsSelectedByDefault" classname="com.testcases.FacilityViewTests">
    <skipped/>
  </testcase> <!-- checkWhetherGlobalViewIsSelectedByDefault -->
  <testcase name="validateEnteringShipmentID" classname="com.testcases.FacilityViewTests">
    <skipped/>
  </testcase> <!-- validateEnteringShipmentID -->
</testsuite> <!-- com.testcases.FacilityViewTests -->
