<?xml version="1.0" encoding="UTF-8"?>
<!-- Generated by org.testng.reporters.JUnitReportReporter -->
<testsuite skipped="0" hostname="INMAAWN5384001" name="com.testcases.HomePageTests" tests="1" failures="0" timestamp="23 Jul 2019 11:09:16 GMT" time="0.001" errors="0">
  <testcase name="test3" time="0.001" classname="com.testcases.HomePageTests"/>
</testsuite> <!-- com.testcases.HomePageTests -->
